fcitx-qimpanel-configtool
ffmulticonverter
gimp-help-pl
intef-exe
khelpcenter4
language-pack-bg
language-pack-bg-base
language-pack-bn
language-pack-bn-base
language-pack-gnome-bg
language-pack-gnome-bg-base
language-pack-gnome-bn
language-pack-gnome-bn-base
language-pack-gnome-ia
language-pack-gnome-ia-base
language-pack-gnome-sd
language-pack-gnome-sd-base
language-pack-gnome-sw
language-pack-gnome-sw-base
language-pack-gnome-wa
language-pack-gnome-wa-base
language-pack-gnome-wo
language-pack-gnome-wo-base
language-pack-ia
language-pack-ia-base
language-pack-kde-zh-hant

