accountsservice
acl
adduser
adwaita-icon-theme
alsa-base
alsa-utils
anacron
apparmor
apport
apport-gtk
apport-symptoms
apt
apt-clone
apt-transport-https
apt-utils
aptdaemon
aptdaemon-data
apturl
apturl-common
archdetect-deb
aspell
aspell-en
at-spi2-core
atril
atril-common
autoconf
automake
autotools-dev
avahi-autoipd
avahi-daemon
avahi-discover
avahi-dnsconfd
avahi-utils
bamfdaemon
base-files
base-passwd
bash
bash-completion
bc
bind9-host
binutils
blt
blueman
bluez
bluez-cups
bluez-obexd
brasero
brasero-cdrkit
brasero-common
brltty
brltty-x11
bsdmainutils
bsdutils
build-essential
busybox-initramfs
busybox-static
bzip2
ca-certificates
caja
caja-common
caja-extensions-common
caja-gksu
caja-open-terminal
caja-sendto
caja-wallpaper
colord
colord-data
command-not-found
command-not-found-data
console-setup
console-setup-linux
coreutils
cpio
cpp
cpp-5
crda
cron
cryptsetup-bin
cups
cups-browsed
cups-bsd
cups-client
cups-common
cups-core-drivers
cups-daemon
cups-filters
cups-filters-core-drivers
cups-pk-helper
cups-ppdc
cups-server-common
curl
dash
dbus
dbus-x11
dc
dconf-cli
dconf-editor
dconf-gsettings-backend
dconf-service
debconf
debconf-i18n
debianutils
deja-dup
deja-dup-backend-cloudfiles
deja-dup-backend-gvfs
deja-dup-backend-s3
deja-dup-caja
desktop-file-utils
dh-python
dialog
dictionaries-common
diffutils
dmidecode
dmsetup
dmz-cursor-theme
dnsmasq-base
dnsutils
dosfstools
dpkg
dpkg-dev
dpkg-repack
duplicity
dvd+rw-tools
e2fslibs
e2fsprogs
ecryptfs-utils
ed
eject
emacsen-common
enchant
engrampa
engrampa-common
eom
eom-common
espeak
espeak-data
ethtool
exfat-fuse
exfat-utils
f2fs-tools
fake-hwclock
fbset
ffmpeg
ffmpegthumbnailer
file
findutils
firefox
folder-color-caja
folder-color-common
fontconfig
fontconfig-config
fonts-dejavu-core
fonts-droid
fonts-freefont-ttf
fonts-guru
fonts-guru-extra
fonts-kacst
fonts-kacst-one
fonts-khmeros-core
fonts-lao
fonts-liberation
fonts-lklug-sinhala
fonts-lohit-guru
fonts-mathjax
fonts-nanum
fonts-opendyslexic
fonts-opensymbol
fonts-sil-abyssinica
fonts-sil-padauk
fonts-takao-pgothic
fonts-thai-tlwg
fonts-tibetan-machine
fonts-tlwg-garuda
fonts-tlwg-kinnari
fonts-tlwg-laksaman
fonts-tlwg-loma
fonts-tlwg-mono
fonts-tlwg-norasi
fonts-tlwg-purisa
fonts-tlwg-sawasdee
fonts-tlwg-typewriter
fonts-tlwg-typist
fonts-tlwg-typo
fonts-tlwg-umpush
fonts-tlwg-waree
foomatic-db-compressed-ppds
friendly-recovery
ftp
fuse
g++
g++-5
galculator
gawk
gcc
gcc-5
gcc-5-base
gconf-service
gconf-service-backend
gconf2
gconf2-common
gcr
gdebi
gdebi-core
gdisk
genisoimage
geoip-database
gettext
gettext-base
ghostscript
ghostscript-x
gir1.2-appindicator3-0.1
gir1.2-atk-1.0
gir1.2-atspi-2.0
gir1.2-caja
gir1.2-freedesktop
gir1.2-gdkpixbuf-2.0
gir1.2-glib-2.0
gir1.2-gnomekeyring-1.0
gir1.2-gst-plugins-base-1.0
gir1.2-gstreamer-1.0
gir1.2-gtk-2.0
gir1.2-gtk-3.0
gir1.2-javascriptcoregtk-3.0
gir1.2-json-1.0
gir1.2-mate-panel
gir1.2-notify-0.7
gir1.2-packagekitglib-1.0
gir1.2-pango-1.0
gir1.2-peas-1.0
gir1.2-rb-3.0
gir1.2-secret-1
gir1.2-soup-2.4
gir1.2-timezonemap-1.0
gir1.2-vte-2.91
gir1.2-webkit-3.0
gir1.2-wnck-3.0
gir1.2-xkl-1.0
gksu
glib-networking
glib-networking-common
glib-networking-services
gnome-control-center-shared-data
gnome-icon-theme
gnome-icon-theme-symbolic
gnome-keyring
gnome-orca
gnome-session-canberra
gnome-system-tools
gnupg
gpgv
grep
groff-base
growisofs
gsettings-desktop-schemas
gsettings-ubuntu-schemas
gsfonts
gstreamer1.0-alsa
gstreamer1.0-nice
gstreamer1.0-plugins-base
gstreamer1.0-plugins-good
gstreamer1.0-pulseaudio
gstreamer1.0-tools
gstreamer1.0-x
gtk2-engines
gtk2-engines-murrine
gtk2-engines-pixbuf
gucharmap
gufw
guvcview
gvfs
gvfs-backends
gvfs-bin
gvfs-common
gvfs-daemons
gvfs-fuse
gvfs-libs
gzip
hdparm
hexchat
hexchat-common
hicolor-icon-theme
hostname
hplip
hplip-data
humanity-icon-theme
hunspell-en-us
hwdata
i2c-tools
ideviceinstaller
ifupdown
ifuse
im-config
indicator-application
indicator-application-gtk2
indicator-sound
indicator-sound-gtk2
info
init
init-system-helpers
initramfs-tools
initramfs-tools-bin
initscripts
inputattach
insserv
install-info
intltool
inxi
iproute
iproute2
iptables
iputils-ping
iputils-tracepath
irqbalance
isc-dhcp-client
isc-dhcp-common
iso-codes
iw
jackd
jackd2
kbd
kerneloops-daemon
keyboard-configuration
keyutils
klibc-utils
kmod
krb5-locales
language-selector-common
language-selector-gnome
laptop-detect
less
liba52-0.7.4
libaa1
libabw-0.1-1v5
libaccounts-glib0
libaccountsservice0
libacl1
libapparmor-perl
libapparmor1
libappindicator1
libappindicator3-1
libapt-inst1.7
libapt-pkg4.16
libarchive13
libart-2.0-2
libasan2
libasn1-8-heimdal
libasound2
libasound2-data
libasound2-plugins
libaspell15
libasprintf-dev
libasprintf0v5
libass5
libassuan0
libasyncns0
libatasmart4
libatk-adaptor
libatk-bridge2.0-0
libatk1.0-0
libatk1.0-data
libatkmm-1.6-1v5
libatm1
libatomic1
libatrildocument3
libatrilview3
libatspi2.0-0
libattr1
libaudio2
libaudit-common
libaudit1
libavahi-client3
libavahi-common-data
libavahi-common3
libavahi-compat-libdnssd1
libavahi-core7
libavahi-glib1
libavc1394-0
libavcodec-ffmpeg56
libavdevice-ffmpeg56
libavfilter-ffmpeg5
libavformat-ffmpeg56
libavresample-ffmpeg2
libavutil-ffmpeg54
libbamf3-2
libbasicusageenvironment0
libbind9-90
libblas-common
libblas3
libblkid1
libbluetooth3
libbluray1
libboost-date-time1.58.0
libboost-filesystem1.58.0
libboost-iostreams1.58.0
libboost-program-options1.58.0
libboost-regex1.58.0
libboost-system1.58.0
libboost-thread1.58.0
libbrasero-media3-1
libbrlapi0.6
libbs2b0
libbsd0
libburn4
libbz2-1.0
libc-bin
libc-dev-bin
libc6
libc6-dev
libcaca0
libcairo-gobject2
libcairo-perl
libcairo2
libcairomm-1.0-1v5
libcaja-extension1
libcanberra-gtk-module
libcanberra-gtk0
libcanberra-gtk3-0
libcanberra-gtk3-module
libcanberra-pulse
libcanberra0
libcap-ng0
libcap2
libcap2-bin
libcc1-0
libcddb2
libcdio-cdda1
libcdio-paranoia1
libcdio13
libcdparanoia0
libcdr-0.1-1v5
libchromaprint0
libck-connector0
libclucene-contribs1v5
libclucene-core1v5
libcmis-0.5-5v5
libcolamd2.8.0
libcolord2
libcolorhug2
libcomerr2
libconfuse-common
libconfuse0
libcpufreq0
libcroco3
libcryptsetup4
libcups2
libcupscgi1
libcupsfilters1
libcupsimage2
libcupsmime1
libcupsppdc1
libcurl3
libcurl3-gnutls
libcwiid1
libdaemon0
libdatrie1
libdb5.3
libdbus-1-3
libdbus-glib-1-2
libdbusmenu-glib4
libdbusmenu-gtk3-4
libdbusmenu-gtk4
libdc1394-22
libdca0
libdconf1
libdebconfclient0
libdebian-installer4
libdee-1.0-4
libdevmapper1.02.1
libdirectfb-1.2-9
libdjvulibre-text
libdjvulibre21
libdmapsharing-3.0-2
libdns-export100
libdns100
libdotconf0
libdpkg-perl
libdrm-amdgpu1
libdrm-freedreno1
libdrm-nouveau2
libdrm-radeon1
libdrm2
libdv4
libdvbpsi10
libdvdnav4
libdvdread4
libe-book-0.1-1
libebml4v5
libecryptfs1
libedit2
libegl1-mesa
libegl1-mesa-drivers
libelf1
libenca0
libenchant1c2a
libencode-locale-perl
libeot0
libepoxy0
libespeak1
libestr0
libetonyek-0.1-1
libevdev2
libevent-2.0-5
libexempi3
libexif12
libexiv2-14
libexpat1
libexpat1-dev
libexttextcat-2.0-0
libexttextcat-data
libfaad2
libfakekey0
libfarstream-0.2-5
libfdisk1
libffi6
libffmpegthumbnailer4v5
libfftw3-single3
libfile-copy-recursive-perl
libfile-listing-perl
libflac8
libflite1
libfluidsynth1
libfontconfig1
libfontembed1
libfontenc1
libfreehand-0.1-1
libfreerdp-cache1.1
libfreerdp-client1.1
libfreerdp-codec1.1
libfreerdp-common1.1.0
libfreerdp-core1.1
libfreerdp-crypto1.1
libfreerdp-gdi1.1
libfreerdp-locale1.1
libfreerdp-primitives1.1
libfreerdp-utils1.1
libfreetype6
libfribidi0
libfuse2
libgail-common
libgail18
libgbm1
libgcc-5-dev
libgcc1
libgck-1-0
libgconf-2-4
libgcr-3-common
libgcr-base-3-1
libgcr-ui-3-1
libgcrypt20
libgd3
libgdbm3
libgdk-pixbuf2.0-0
libgdk-pixbuf2.0-common
libgee-0.8-2
libgee2
libgeoclue0
libgeoip1
libgettextpo-dev
libgettextpo0
libgexiv2-2
libgfortran3
libgif4
libgirepository-1.0-1
libgksu2-0
libgl1-mesa-dri
libgl1-mesa-glx
libglade2-0
libglapi-mesa
libgles1-mesa
libgles2-mesa
libglew1.10
libglib-perl
libglib2.0-0
libglib2.0-bin
libglib2.0-data
libglibmm-2.4-1v5
libglu1-mesa
libgme0
libgmime-2.6-0
libgmp10
libgnome-keyring-common
libgnome-keyring0
libgnutls-deb0-28
libgnutls-openssl27
libgomp1
libgpg-error0
libgpgme11
libgphoto2-6
libgphoto2-l10n
libgphoto2-port12
libgpm2
libgpod-common
libgpod4
libgraphite2-3
libgrilo-0.2-1
libgroupsock1
libgs9
libgs9-common
libgsl0ldbl
libgsm1
libgssapi-krb5-2
libgssapi3-heimdal
libgssdp-1.0-3
libgstreamer-plugins-base0.10-0
libgstreamer-plugins-base1.0-0
libgstreamer-plugins-good1.0-0
libgstreamer0.10-0
libgstreamer1.0-0
libgtk-3-0
libgtk-3-bin
libgtk-3-common
libgtk2-perl
libgtk2.0-0
libgtk2.0-bin
libgtk2.0-common
libgtkmm-2.4-1v5
libgtksourceview2.0-0
libgtksourceview2.0-common
libgtkspell0
libgtop2-10
libgtop2-common
libgucharmap-2-90-7
libgudev-1.0-0
libgupnp-1.0-4
libgupnp-igd-1.0-4
libgusb2
libgutenprint2
libguvcview-1.1-1
libgxps2
libharfbuzz-icu0
libharfbuzz0b
libhcrypto4-heimdal
libheimbase1-heimdal
libheimntlm0-heimdal
libhogweed4
libhpmud0
libhtml-parser-perl
libhtml-tagset-perl
libhtml-tree-perl
libhttp-cookies-perl
libhttp-date-perl
libhttp-message-perl
libhttp-negotiate-perl
libhunspell-1.3-0
libhunspell-1.3-0v5
libhx509-5-heimdal
libhyphen0
libical1a
libice6
libicu55
libidn11
libido-0.1-0
libido3-0.1-0
libiec61883-0
libieee1284-3
libijs-0.35
libimobiledevice-utils
libimobiledevice4
libindicator3-7
libindicator7
libio-html-perl
libio-socket-ssl-perl
libirs-export91
libisc-export95
libisc95
libisccc90
libisccfg-export90
libisccfg90
libisl13
libiso9660-8
libisofs6
libiw30
libjack-jackd2-0
libjasper1
libjavascriptcoregtk-1.0-0
libjavascriptcoregtk-3.0-0
libjbig0
libjbig2dec0
libjpeg-turbo8
libjpeg8
libjs-jquery
libjs-mathjax
libjs-prettify
libjson-c2
libjson-glib-1.0-0
libjson-glib-1.0-common
libjte1
libk5crypto3
libkate1
libkeyutils1
libklibc
libkmod2
libkpathsea6
libkrb5-26-heimdal
libkrb5-3
libkrb5support0
liblangtag-common
liblangtag1
liblapack3
liblcms2-2
liblcms2-utils
libldap-2.4-2
libldb1
liblightdm-gobject-1-0
liblircclient0
liblivemedia23
libllvm3.6v5
liblocale-gettext-perl
liblouis-data
liblouis2
libltdl7
liblua5.2-0
liblwp-mediatypes-perl
liblwp-protocol-https-perl
liblwres90
liblzma5
liblzo2-2
libmad0
libmagic1
libmarco-private0
libmate-desktop-2-17
libmate-menu2
libmate-panel-applet-4-1
libmate-sensors-applet-plugin0
libmate-slab0
libmate-window-settings1
libmatedict6
libmatekbd-common
libmatekbd4
libmatemixer-common
libmatemixer0
libmateweather-common
libmateweather1
libmatroska6v5
libmbim-glib4
libmbim-proxy
libmeanwhile1
libmessaging-menu0
libmhash2
libmikmod3
libminiupnpc10
libmirclient9
libmircommon5
libmirprotobuf3
libmm-glib0
libmng2
libmnl0
libmodplug1
libmount1
libmp3lame0
libmpc3
libmpcdec6
libmpdec2
libmpeg2-4
libmpfr4
libmpg123-0
libmspub-0.1-1
libmtdev1
libmtp-common
libmtp-runtime
libmtp9
libmwaw-0.3-3v5
libmythes-1.2-0
libnatpmp1
libnautilus-extension1a
libncurses5
libncursesw5
libndp0
libneon27-gnutls
libnet-dbus-perl
libnet-http-perl
libnet-ssleay-perl
libnetfilter-conntrack3
libnettle6
libnewt0.52
libnfnetlink0
libnice10
libnih-dbus1
libnih1
libnl-3-200
libnl-genl-3-200
libnl-route-3-200
libnm-glib-vpn1
libnm-glib4
libnm-gtk-common
libnm-gtk0
libnm-util2
libnm0
libnotify-bin
libnotify4
libnspr4
libnss-mdns
libnss3
libnss3-1d
libnss3-nssdb
libntdb1
libodfgen-0.1-1v5
libogg0
liboobs-1-5
libopenal-data
libopenal1
libopencv-core2.4v5
libopencv-imgproc2.4v5
libopenjpeg5
libopts25
libopus0
liborc-0.4-0
liborcus-0.10-0v5
libotr5
libp11-kit-gnome-keyring
libp11-kit0
libpackagekit-glib2-16
libpagemaker-0.0-0
libpam-gnome-keyring
libpam-modules
libpam-modules-bin
libpam-runtime
libpam-systemd
libpam0g
libpango-1.0-0
libpango-perl
libpango1.0-0
libpangocairo-1.0-0
libpangoft2-1.0-0
libpangomm-1.4-1v5
libpangox-1.0-0
libpangoxft-1.0-0
libpaper-utils
libpaper1
libparted-fs-resize0
libparted2
libpcap0.8
libpci3
libpciaccess0
libpcre16-3
libpcre3
libpcsclite1
libpeas-1.0-0
libpeas-common
libperl5.20
libpgm-5.1-0
libpipeline1
libpixman-1-0
libplank-common
libplank0
libplist-utils
libplist3
libplymouth4
libpng12-0
libpolkit-agent-1-0
libpolkit-backend-1-0
libpolkit-gobject-1-0
libpoppler-glib8
libpoppler52
libpopt0
libportaudio2
libportmidi0
libpostproc-ffmpeg53
libprocps3
libprotobuf-lite9v5
libproxy-tools
libproxy1-plugin-gsettings
libproxy1-plugin-networkmanager
libproxy1v5
libpulse-mainloop-glib0
libpulse0
libpulsedsp
libpurple-bin
libpurple0
libpython-dev
libpython-stdlib
libpython2.7
libpython2.7-dev
libpython2.7-minimal
libpython2.7-stdlib
libpython3-dev
libpython3-stdlib
libpython3.4
libpython3.4-dev
libpython3.4-minimal
libpython3.4-stdlib
libpython3.5-minimal
libpython3.5-stdlib
libqmi-glib1
libqmi-proxy
libqpdf13v5
libqscintilla2-11
libqscintilla2-l10n
libqt4-dbus
libqt4-declarative
libqt4-network
libqt4-script
libqt4-sql
libqt4-xml
libqt4-xmlpatterns
libqt5core5a
libqt5dbus5
libqt5gui5
libqt5widgets5
libqt5x11extras5
libqtcore4
libqtdbus4
libqtgui4
libqtwebkit4
libquvi-scripts
libquvi7
libraptor2-0
libraspberrypi-bin
libraspberrypi-dev
libraspberrypi-doc
libraspberrypi0
librasqal3
libraw10
libraw1394-11
librdf0
libreadline6
libreoffice-avmedia-backend-gstreamer
libreoffice-base-core
libreoffice-calc
libreoffice-common
libreoffice-core
libreoffice-draw
libreoffice-gnome
libreoffice-gtk
libreoffice-impress
libreoffice-math
libreoffice-ogltrans
libreoffice-pdfimport
libreoffice-style-galaxy
libreoffice-style-human
libreoffice-writer
libresid-builder0c2a
librest-0.7-0
librevenge-0.0-0
librhythmbox-core9
libroken18-heimdal
librsvg2-2
librsvg2-common
librsync1
librtimulib-utils
librtimulib7
librtmp1
libruby2.1
libsamplerate0
libsane
libsane-common
libsane-hpaio
libsasl2-2
libsasl2-modules
libsasl2-modules-db
libsbc1
libschroedinger-1.0-0
libscsynth1
libsdl-image1.2
libsdl-mixer1.2
libsdl-ttf2.0-0
libsdl1.2debian
libsdl2-2.0-0
libseccomp2
libsecret-1-0
libsecret-common
libselinux1
libsemanage-common
libsemanage1
libsensors4
libsepol1
libsgutils2-2
libshine3
libshout3
libsidplay2v5
libsigc++-2.0-0v5
libsignon-glib1
libsigsegv2
libslang2
libsm6
libsmartcols1
libsmbclient
libsmpeg0
libsndfile1
libsnmp-base
libsnmp30
libsodium13
libsonic0
libsoup-gnome2.4-1
libsoup2.4-1
libsoxr0
libspectre1
libspeechd2
libspeex1
libspeexdsp1
libsqlite3-0
libss2
libssh-4
libssh-gcrypt-4
libssh2-1
libssl1.0.0
libstartup-notification0
libstdc++-5-dev
libstdc++6
libswresample-ffmpeg1
libswscale-ffmpeg3
libsystemd0
libtag1v5
libtag1v5-vanilla
libtalloc2
libtasn1-6
libtcl8.6
libtdb1
libtevent0
libtext-charwidth-perl
libtext-iconv-perl
libtext-wrapi18n-perl
libthai-data
libthai0
libtheora0
libtiff5
libtimedate-perl
libtimezonemap-data
libtimezonemap1
libtinfo5
libtk8.6
libtotem-plparser-common
libtotem-plparser18
libtwolame0
libtxc-dxtn-s2tc0
libubsan0
libudev1
libudisks2-0
libunique-1.0-0
libunistring0
libunity-control-center1
libunity-protocol-private0
libunity-scopes-json-def-desktop
libunity9
libupnp6
libupower-glib3
liburi-perl
liburl-dispatcher1
libusageenvironment1
libusb-0.1-4
libusb-1.0-0
libusbmuxd2
libustr-1.0-1
libuuid1
libv4l-0
libv4lconvert0
libva-drm1
libva-x11-1
libva1
libvcdinfo0
libvdpau1
libvisio-0.1-1
libvisual-0.4-0
libvisual-0.4-plugins
libvlc5
libvlccore8
libvncclient1
libvorbis0a
libvorbisenc2
libvorbisfile3
libvpx2
libvte-2.90-9
libvte-2.90-common
libvte-2.91-0
libvte-2.91-common
libvte-common
libvte9
libwavpack1
libwayland-client0
libwayland-cursor0
libwayland-egl1-mesa
libwayland-server0
libwbclient0
libwebcam0
libwebkitgtk-1.0-0
libwebkitgtk-1.0-common
libwebkitgtk-3.0-0
libwebkitgtk-3.0-common
libwebp5
libwebpmux1
libwebrtc-audio-processing-0
libwhoopsie0
libwind0-heimdal
libwinpr-crt0.1
libwinpr-dsparse0.1
libwinpr-environment0.1
libwinpr-file0.1
libwinpr-handle0.1
libwinpr-heap0.1
libwinpr-input0.1
libwinpr-interlocked0.1
libwinpr-library0.1
libwinpr-path0.1
libwinpr-pool0.1
libwinpr-registry0.1
libwinpr-rpc0.1
libwinpr-sspi0.1
libwinpr-synch0.1
libwinpr-sysinfo0.1
libwinpr-thread0.1
libwinpr-utils0.1
libwnck-3-0
libwnck-3-common
libwnck-common
libwnck22
libwpd-0.10-10
libwpd-0.10-10v5
libwpg-0.3-3
libwps-0.4-4
libwrap0
libwww-perl
libwww-robotrules-perl
libwxbase2.8-0
libwxgtk-media2.8-0
libwxgtk2.8-0
libx11-6
libx11-data
libx11-xcb1
libx264-146
libx265-59
libxau6
libxaw7
libxcb-composite0
libxcb-dri2-0
libxcb-dri3-0
libxcb-glx0
libxcb-icccm4
libxcb-image0
libxcb-keysyms1
libxcb-present0
libxcb-randr0
libxcb-render-util0
libxcb-render0
libxcb-shape0
libxcb-shm0
libxcb-sync1
libxcb-util1
libxcb-xfixes0
libxcb-xkb1
libxcb-xv0
libxcb1
libxcomposite1
libxcursor1
libxdamage1
libxdmcp6
libxext6
libxfixes3
libxfont1
libxft2
libxi6
libxinerama1
libxkbcommon-x11-0
libxkbcommon0
libxkbfile1
libxklavier16
libxml-parser-perl
libxml-twig-perl
libxml2
libxmu6
libxmuu1
libxpm4
libxrandr2
libxrender1
libxres1
libxshmfence1
libxslt1.1
libxss1
libxt6
libxtables10
libxtst6
libxv1
libxvidcore4
libxxf86dga1
libxxf86vm1
libyajl2
libyaml-0-2
libyelp0
libzephyr4
libzip4
libzmq3
libzvbi-common
libzvbi0
lightdm
lightdm-gtk-greeter
lightdm-gtk-greeter-settings
linux-firmware
linux-firmware-nonfree
linux-libc-dev
linux-sound-base
locales
login
logrotate
lp-solve
lsb-base
lsb-release
lshw
lsof
ltrace
m4
make
makedev
man-db
manpages
manpages-dev
marco
marco-common
mate-applets
mate-applets-common
mate-backgrounds
mate-control-center
mate-control-center-common
mate-desktop
mate-desktop-common
mate-desktop-environment-core
mate-gnome-main-menu-applet
mate-icon-theme
mate-icon-theme-faenza
mate-indicator-applet
mate-indicator-applet-common
mate-media
mate-media-common
mate-menu
mate-menus
mate-netbook
mate-netbook-common
mate-netspeed
mate-netspeed-common
mate-notification-daemon
mate-notification-daemon-common
mate-optimus
mate-panel
mate-panel-common
mate-polkit
mate-polkit-common
mate-power-manager
mate-power-manager-common
mate-screensaver
mate-screensaver-common
mate-sensors-applet
mate-sensors-applet-common
mate-session-manager
mate-settings-daemon
mate-settings-daemon-common
mate-system-monitor
mate-system-monitor-common
mate-terminal
mate-terminal-common
mate-themes
mate-tweak
mate-user-guide
mate-utils
mate-utils-common
mawk
media-player-info
menu-xdg
mesa-utils
mime-support
minecraft-pi
mlocate
mobile-broadband-provider-info
modemmanager
mount
mountall
mozo
mplayer2
mscompress
mtr-tiny
multiarch-support
musescore-soundfont-gm
nano
ncurses-base
ncurses-bin
ncurses-term
net-tools
netbase
netcat-openbsd
network-manager
network-manager-gnome
network-manager-pptp
network-manager-pptp-gnome
notification-daemon
ntfs-3g
ntp
nuscratch
oem-config
oem-config-gtk
oem-config-slideshow-ubuntu-mate
omxplayer
onboard
onboard-data
openprinting-ppds
openssh-client
openssh-server
openssh-sftp-server
openssl
os-prober
p11-kit
p11-kit-modules
p7zip-full
parted
passwd
patch
pciutils
pcmciautils
perl
perl-base
perl-modules
pidgin
pidgin-data
pidgin-libnotify
pidgin-otr
pinentry-gtk2
pkg-config
plank
pluma
pluma-common
plymouth
plymouth-label
plymouth-theme-ubuntu-mate-logo
plymouth-theme-ubuntu-mate-text
plymouth-theme-ubuntu-text
pm-utils
policykit-1
policykit-desktop-privileges
poppler-data
poppler-utils
popularity-contest
powermgmt-base
ppp
pppconfig
pppoeconf
pptp-linux
printer-driver-brlaser
printer-driver-c2esp
printer-driver-foo2zjs
printer-driver-foo2zjs-common
printer-driver-gutenprint
printer-driver-hpcups
printer-driver-min12xxw
printer-driver-pnm2ppa
printer-driver-postscript-hp
printer-driver-ptouch
printer-driver-pxljr
printer-driver-sag-gdi
printer-driver-splix
procps
psmisc
pulseaudio
pulseaudio-module-bluetooth
pulseaudio-module-x11
pulseaudio-utils
python
python-apt-common
python-astropi
python-avahi
python-boto
python-cairo
python-caja
python-caja-common
python-chardet
python-cloudfiles
python-codebug-i2c-tether
python-codebug-tether
python-colorama
python-configobj
python-crypto
python-dbus
python-dbus-dev
python-dev
python-distlib
python-distutils-extra
python-gdbm
python-gi
python-glade2
python-gobject
python-gobject-2
python-gtk2
python-gtksourceview2
python-html5lib
python-ldb
python-lockfile
python-mate-menu
python-minecraftpi
python-minimal
python-netifaces
python-ntdb
python-numpy
python-pexpect
python-picamera
python-pil
python-pip
python-pkg-resources
python-ptyprocess
python-pygame
python-requests
python-rpi.gpio
python-rtimulib
python-samba
python-sense-hat
python-serial
python-setuptools
python-six
python-spidev
python-support
python-talloc
python-tdb
python-tk
python-urllib3
python-wheel
python-wxgtk2.8
python-wxversion
python-xdg
python-xlib
python2.7
python2.7-dev
python2.7-minimal
python3
python3-apport
python3-apt
python3-aptdaemon
python3-aptdaemon.gtk3widgets
python3-aptdaemon.pkcompat
python3-astropi
python3-brlapi
python3-cairo
python3-chardet
python3-codebug-i2c-tether
python3-codebug-tether
python3-colorama
python3-commandnotfound
python3-configobj
python3-cups
python3-cupshelpers
python3-dbus
python3-debian
python3-defer
python3-dev
python3-distlib
python3-distupgrade
python3-gdbm
python3-gi
python3-gi-cairo
python3-html5lib
python3-icu
python3-louis
python3-lxml
python3-mako
python3-markupsafe
python3-minecraftpi
python3-minimal
python3-numpy
python3-pam
python3-pexpect
python3-picamera
python3-pil
python3-pip
python3-pkg-resources
python3-problem-report
python3-ptyprocess
python3-pyatspi
python3-pycurl
python3-renderpm
python3-reportlab
python3-reportlab-accel
python3-requests
python3-rpi.gpio
python3-rtimulib
python3-sense-hat
python3-serial
python3-setuptools
python3-six
python3-smbc
python3-software-properties
python3-speechd
python3-spidev
python3-tk
python3-update-manager
python3-urllib3
python3-wheel
python3-xdg
python3-xkit
python3.4
python3.4-dev
python3.4-minimal
python3.5
python3.5-minimal
qdbus
qjackctl
qpdf
qt-at-spi
qt4-qtconfig
qtchooser
qtcore4-l10n
raspberrypi-bootloader
raspi-copies-and-fills
raspi-gpio
rdate
read-edid
readline-common
resolvconf
rfkill
rhythmbox
rhythmbox-data
rhythmbox-plugin-cdrecorder
rhythmbox-plugins
rng-tools
rpi-update
rsync
rsyslog
rtkit
rtmpdump
ruby
ruby2.1
rubygems-integration
samba-common
samba-common-bin
samba-libs
sane-utils
scratch
seahorse
sed
sensible-utils
sessioninstaller
sgml-base
shared-mime-info
shotwell
shotwell-common
simple-scan
smbclient
software-properties-common
software-properties-gtk
sonic-pi
sound-theme-freedesktop
speech-dispatcher
speech-dispatcher-audio-plugins
squeak-plugins-scratch
squeak-vm
ssh-import-id
ssl-cert
strace
sudo
supercollider
supercollider-common
supercollider-ide
supercollider-language
supercollider-server
supercollider-supernova
system-config-printer-common
system-config-printer-gnome
system-config-printer-udev
system-tools-backends
systemd
systemd-sysv
sysv-rc
sysvinit-utils
tar
tcl
tcl8.6
tcpd
tcpdump
telnet
thunderbird
tilda
time
timgm6mb-soundfont
tk
tk8.6
tk8.6-blt2.5
tlp
tlp-rdw
transmission-common
transmission-gtk
ttf-ancient-fonts-symbola
ttf-indic-fonts-core
ttf-ubuntu-font-family
tzdata
ubuntu-drivers-common
ubuntu-keyring
ubuntu-mate-artwork
ubuntu-mate-core
ubuntu-mate-default-settings
ubuntu-mate-desktop
ubuntu-mate-icon-themes
ubuntu-mate-libreoffice-draw-icons
ubuntu-mate-libreoffice-math-icons
ubuntu-mate-lightdm-theme
ubuntu-mate-themes
ubuntu-mate-wallpapers
ubuntu-mate-wallpapers-common
ubuntu-mate-wallpapers-wily
ubuntu-mate-welcome
ubuntu-minimal
ubuntu-mono
ubuntu-release-upgrader-core
ubuntu-release-upgrader-gtk
ubuntu-sounds
ubuntu-standard
ucf
udev
udisks2
ufw
unattended-upgrades
uno-libs3
unzip
update-inetd
update-manager
update-manager-core
update-notifier
update-notifier-common
upower
ure
ureadahead
usb-modeswitch
usb-modeswitch-data
usbmuxd
usbutils
util-linux
uuid-runtime
uvcdynctrl
uvcdynctrl-data
vim-common
vim-tiny
vlc
vlc-data
vlc-nox
vlc-plugin-pulse
wget
whiptail
whoopsie
wireless-regdb
wireless-tools
wiringpi
wodim
wpasupplicant
x11-apps
x11-common
x11-session-utils
x11-utils
x11-xkb-utils
x11-xserver-utils
xauth
xbitmaps
xcursor-themes
xdg-user-dirs
xdg-user-dirs-gtk
xdg-utils
xfonts-base
xfonts-encodings
xfonts-scalable
xfonts-utils
xinit
xinput
xkb-data
xml-core
xorg
xorg-docs-core
xserver-common
xserver-xorg
xserver-xorg-core
xserver-xorg-input-all
xserver-xorg-input-evdev
xserver-xorg-input-synaptics
xserver-xorg-input-wacom
xserver-xorg-video-all
xserver-xorg-video-fbdev
xserver-xorg-video-fbturbo
xul-ext-calendar-timezones
xul-ext-gdata-provider
xul-ext-lightning
xul-ext-ubufox
xz-utils
xzoom
yelp
yelp-xsl
youtube-dl
youtube-dlg
yuyo-gtk-theme
zenity
zenity-common
zip
zlib1g
