a2ps
accountsservice
acl
adduser
aisleriot
alacarte
alsa-base
alsa-utils
apache2.2-bin
apg
app-install-data
apt
apt-utils
apt-xapian-index
aptdaemon
aptdaemon-data
aptitude
aptitude-common
arduino
arduino-core
arduino-mk
argyll
aspell
aspell-en
at-spi2-core
autopoint
avahi-daemon
avant-window-navigator
avant-window-navigator-data
avr-libc
avrdude
baobab
base-files
base-passwd
bash
bash-completion
bc
bind9-host
binfmt-support
binutils
binutils-avr
blt
bluez
bogofilter
bogofilter-bdb
bogofilter-common
brasero
brasero-common
browser-plugin-gnash
bsdmainutils
bsdutils
build-essential
bzip2
ca-certificates
ca-certificates-java
cabextract
caribou
caribou-antler
cdrdao
cgroup-bin
cheese
cheese-common
chromium
chromium-browser
chromium-inspector
chromium-l10n
cifs-utils
cli-common
colord
console-setup
console-setup-linux
consolekit
coreutils
cpio
cpp
cpp-4.6
crda
cron
cups-bsd
cups-client
cups-common
cups-pk-helper
curl
dash
dbus
dbus-x11
dconf-gsettings-backend
dconf-service
dconf-tools
debconf
debconf-i18n
debconf-utils
debhelper
debian-reference-common
debian-reference-en
debianutils
default-jre
default-jre-headless
desktop-base
desktop-file-utils
device-tree-compiler
dictionaries-common
diffutils
dillo
dmsetup
dmz-cursor-theme
dnsmasq-base
dnsutils
docbook-xml
docker-hypriot
dosfstools
dphys-swapfile
dpkg
dpkg-dev
e2fslibs
e2fsprogs
ed
eject
empathy
empathy-common
eog
epiphany-browser
epiphany-browser-data
esound-common
espeak-data
evince
evince-common
evolution
evolution-common
evolution-data-server
evolution-data-server-common
evolution-plugins
evolution-webcal
exo-utils
extra-xdg-menus
fake-hwclock
fakeroot
fbset
file
file-roller
findutils
finger
firmware-atheros
firmware-brcm80211
firmware-libertas
firmware-ralink
firmware-realtek
folks-common
fontconfig
fontconfig-config
fonts-cantarell
fonts-droid
fonts-freefont-ttf
fonts-liberation
fonts-lyx
fonts-opensymbol
fonts-roboto
fonts-sil-gentium
fonts-sil-gentium-basic
fonts-stix
freepats
fuse
g++
g++-4.6
galculator
gcalctool
gcc
gcc-4.5-base
gcc-4.6
gcc-4.6-base
gcc-4.7-base
gcc-4.8-base
gcc-avr
gconf-service
gconf2
gconf2-common
gcr
gdb
gdbserver
gdebi
gdebi-core
gdm3
gedit
gedit-common
gedit-plugins
geoclue
geoclue-hostip
geoclue-localnet
geoclue-manual
geoclue-yahoo
geoip-database
gettext
gettext-base
ghostscript
gimp
gimp-data
gir1.2-accountsservice-1.0
gir1.2-atk-1.0
gir1.2-atspi-2.0
gir1.2-caribou-1.0
gir1.2-clutter-1.0
gir1.2-clutter-gst-1.0
gir1.2-cogl-1.0
gir1.2-coglpango-1.0
gir1.2-evince-3.0
gir1.2-folks-0.6
gir1.2-freedesktop
gir1.2-gck-1
gir1.2-gconf-2.0
gir1.2-gcr-3
gir1.2-gdata-0.0
gir1.2-gdesktopenums-3.0
gir1.2-gdkpixbuf-2.0
gir1.2-gee-1.0
gir1.2-gkbd-3.0
gir1.2-glib-2.0
gir1.2-gmenu-3.0
gir1.2-gnomebluetooth-1.0
gir1.2-gnomekeyring-1.0
gir1.2-goa-1.0
gir1.2-gst-plugins-base-0.10
gir1.2-gstreamer-0.10
gir1.2-gtk-3.0
gir1.2-gtkclutter-1.0
gir1.2-gtksource-3.0
gir1.2-gtop-2.0
gir1.2-gucharmap-2.90
gir1.2-javascriptcoregtk-3.0
gir1.2-json-1.0
gir1.2-mutter-3.0
gir1.2-networkmanager-1.0
gir1.2-panelapplet-4.0
gir1.2-pango-1.0
gir1.2-peas-1.0
gir1.2-polkit-1.0
gir1.2-rb-3.0
gir1.2-soup-2.4
gir1.2-telepathyglib-0.12
gir1.2-telepathylogger-0.2
gir1.2-totem-1.0
gir1.2-totem-plparser-1.0
gir1.2-tracker-0.14
gir1.2-upowerglib-1.0
gir1.2-vte-2.90
gir1.2-webkit-3.0
gir1.2-wnck-3.0
gir1.2-xkl-1.0
git
git-core
git-man
gjs
gkbd-capplet
gksu
glchess
glib-networking
glib-networking-common
glib-networking-services
glines
gnash
gnash-common
gnect
gnibbles
gnobots2
gnome
gnome-applets
gnome-applets-data
gnome-backgrounds
gnome-bluetooth
gnome-color-manager
gnome-contacts
gnome-control-center
gnome-control-center-data
gnome-core
gnome-desktop-environment
gnome-desktop3-data
gnome-dictionary
gnome-disk-utility
gnome-documents
gnome-extra-icons
gnome-font-viewer
gnome-games
gnome-games-data
gnome-games-extra-data
gnome-icon-theme
gnome-icon-theme-extras
gnome-icon-theme-symbolic
gnome-js-common
gnome-keyring
gnome-mag
gnome-media
gnome-menus
gnome-mime-data
gnome-nettool
gnome-online-accounts
gnome-orca
gnome-packagekit
gnome-packagekit-data
gnome-panel
gnome-panel-data
gnome-power-manager
gnome-screensaver
gnome-screenshot
gnome-search-tool
gnome-session
gnome-session-bin
gnome-session-common
gnome-session-fallback
gnome-settings-daemon
gnome-shell
gnome-shell-common
gnome-shell-extensions
gnome-sudoku
gnome-sushi
gnome-system-log
gnome-system-monitor
gnome-terminal
gnome-terminal-data
gnome-themes
gnome-themes-extras
gnome-themes-standard
gnome-themes-standard-data
gnome-tweak-tool
gnome-user-guide
gnome-user-share
gnome-utils
gnome-video-effects
gnomine
gnotravex
gnotski
gnuchess
gnuchess-book
gnupg
gnuplot
gnuplot-nox
gparted
gpgv
gpicview
grep
grilo-plugins-0.1
groff
groff-base
gsettings-desktop-schemas
gsfonts
gsfonts-x11
gstreamer0.10-alsa
gstreamer0.10-ffmpeg
gstreamer0.10-gconf
gstreamer0.10-nice
gstreamer0.10-plugins-bad
gstreamer0.10-plugins-base
gstreamer0.10-plugins-good
gstreamer0.10-plugins-ugly
gstreamer0.10-pulseaudio
gstreamer0.10-x
gstreamer1.0-alsa
gstreamer1.0-libav
gstreamer1.0-omx
gstreamer1.0-plugins-bad
gstreamer1.0-plugins-base
gstreamer1.0-plugins-good
gstreamer1.0-x
gtali
gtk2-engines
gtk2-engines-pixbuf
gtk2-engines-xfce
gucharmap
guile-2.0-libs
gvfs
gvfs-backends
gvfs-bin
gvfs-common
gvfs-daemons
gvfs-fuse
gvfs-libs
gzip
hamster-applet
hardlink
hddtemp
hdparm
hicolor-icon-theme
hostname
html2text
iagno
icedtea-6-jre-cacao
icedtea-6-jre-jamvm
icedtea-netx
icedtea-netx-common
iceweasel
idle
idle-python2.7
idle-python3.2
idle3
ifplugd
ifupdown
imagemagick
imagemagick-common
indicator-applet
indicator-applet-complete
indicator-application
indicator-messages
indicator-messages-gtk2
indicator-session
indicator-status-provider-mc5
info
init-system-helpers
initramfs-tools
initscripts
inkscape
insserv
install-info
intltool-debian
iproute
iptables
iputils-ping
iputils-tracepath
isc-dhcp-client
isc-dhcp-common
iso-codes
iw
jackd
jackd2
java-common
kbd
keyboard-configuration
klibc-utils
kmod
krb5-locales
leafpad
less
lesstif2
liba52-0.7.4
libaa1
libaccountsservice0
libacl1
libalgorithm-diff-perl
libalgorithm-diff-xs-perl
libalgorithm-merge-perl
libamd2.2.0
libao-common
libao4
libapache2-mod-dnssd
libappindicator3-1
libapr1
libaprutil1
libaprutil1-dbd-sqlite3
libaprutil1-ldap
libapt-inst1.5
libapt-pkg-dev
libapt-pkg4.12
libarchive12
libart-2.0-2
libasound2
libasound2-plugins
libaspell15
libasprintf0c2
libass4
libasyncns0
libatasmart4
libatk-adaptor
libatk-adaptor-data
libatk-bridge2.0-0
libatk-wrapper-java
libatk-wrapper-java-jni
libatk1.0-0
libatk1.0-data
libatk1.0-dev
libatkmm-1.6-1
libatlas3-base
libatspi1.0-0
libatspi2.0-0
libattr1
libaudio2
libaudiofile1
libaudit0
libavahi-client3
libavahi-common-data
libavahi-common3
libavahi-core7
libavahi-glib1
libavahi-gobject0
libavahi-ui-gtk3-0
libavc1394-0
libavcodec53
libavcodec54
libavformat53
libavformat54
libavutil51
libavutil52
libawn1
libbabl-0.1-0
libbind9-80
libblas3
libblkid1
libbluetooth3
libbluray1
libbonobo2-0
libbonobo2-common
libbonoboui2-0
libbonoboui2-common
libboost-date-time1.49.0
libboost-iostreams1.46.1
libboost-iostreams1.48.0
libboost-iostreams1.49.0
libboost-iostreams1.50.0
libboost-program-options1.49.0
libboost-thread1.49.0
libbrasero-media3-1
libbrlapi0.5
libbsd0
libburn4
libbz2-1.0
libc-bin
libc-dev-bin
libc6
libc6-dev
libcaca0
libcairo-gobject2
libcairo-perl
libcairo-script-interpreter2
libcairo2
libcairo2-dev
libcairomm-1.0-1
libcamel-1.2-33
libcanberra-gtk-module
libcanberra-gtk0
libcanberra-gtk3-0
libcanberra-gtk3-module
libcanberra-pulse
libcanberra0
libcap-ng0
libcap2
libcap2-bin
libcaribou-common
libcaribou-gtk-module
libcaribou-gtk3-module
libcaribou0
libcdaudio1
libcddb2
libcdio-cdda1
libcdio-paranoia1
libcdio13
libcdparanoia0
libcdr-0.0-0
libcgroup1
libchamplain-0.12-0
libchamplain-gtk-0.12-0
libcheese-gtk21
libcheese3
libchromaprint0
libck-connector0
libclass-isa-perl
libclucene-contribs1
libclucene-core1
libclutter-1.0-0
libclutter-1.0-common
libclutter-gst-1.0-0
libclutter-gtk-1.0-0
libclutter-imcontext-0.1-0
libclutter-imcontext-0.1-bin
libcluttergesture-0.0.2-0
libcmis-0.2-2
libcogl-common
libcogl-pango0
libcogl9
libcolamd2.7.1
libcolorblind0
libcolord1
libcomerr2
libconfig-yaml-perl
libcpufreq0
libcroco3
libcups2
libcupsimage2
libcurl3
libcurl3-gnutls
libcwidget3
libcwiid1
libdaemon0
libdatrie1
libdb5.1
libdbus-1-3
libdbus-glib-1-2
libdbus-glib1.0-cil
libdbus1.0-cil
libdbusmenu-glib4
libdbusmenu-gtk3-4
libdbusmenu-gtk4
libdc1394-22
libdca0
libdconf0
libdesktop-agnostic-cfg-keyfile
libdesktop-agnostic-data
libdesktop-agnostic-fdo-gnome
libdesktop-agnostic-vfs-gio
libdesktop-agnostic0
libdevmapper-event1.02.1
libdevmapper1.02.1
libdirac-decoder0
libdirac-encoder0
libdirectfb-1.2-9
libdiscid0
libdjvulibre-text
libdjvulibre21
libdmapsharing-3.0-2
libdns88
libdotconf1.0
libdpkg-perl
libdrm-nouveau1a
libdrm-radeon1
libdrm2
libdv4
libdvbpsi7
libdvdnav4
libdvdread4
libebackend-1.2-2
libebml3
libebook-1.2-13
libecal-1.2-11
libedata-book-1.2-13
libedata-cal-1.2-15
libedataserver-1.2-16
libedataserverui-3.0-1
libedit2
libelf1
libelfg0
libenca0
libenchant1c2a
libencode-locale-perl
libepc-1.0-3
libepc-common
libepc-ui-1.0-3
libept-dev
libept1.4.12
liberror-perl
libesd0
libespeak1
libevdocument3-4
libevent-2.0-5
libevolution
libevview3-3
libexempi3
libexif12
libexiv2-12
libexo-1-0
libexo-common
libexo-helpers
libexpat1
libexpat1-dev
libexttextcat-data
libexttextcat0
libfaad2
libfam0
libfarstream-0.1-0
libffi5
libfftw3-3
libfile-copy-recursive-perl
libfile-fcntllock-perl
libfile-listing-perl
libflac8
libflite1
libfltk1.3
libfluidsynth1
libfm-data
libfm-extra4
libfm-gtk-data
libfm-gtk4
libfm-modules
libfm4
libfolks-eds25
libfolks-telepathy25
libfolks25
libfont-afm-perl
libfontconfig1
libfontconfig1-dev
libfontenc1
libfreerdp-plugins-standard
libfreerdp1
libfreetype6
libfreetype6-dev
libfribidi0
libfs6
libftdi1
libfuse2
libgail-3-0
libgail-common
libgail18
libgarcon-1-0
libgarcon-common
libgc1c2
libgcc1
libgck-1-0
libgconf-2-4
libgconf2.0-cil
libgcr-3-1
libgcr-3-common
libgcrypt11
libgd2-xpm
libgdata-common
libgdata13
libgdbm3
libgdict-1.0-6
libgdict-common
libgdiplus
libgdk-pixbuf2.0-0
libgdk-pixbuf2.0-common
libgdk-pixbuf2.0-dev
libgdu-gtk0
libgdu0
libgee2
libgegl-0.2-0
libgeoclue0
libgeocode-glib0
libgeoip1
libgettextpo0
libgexiv2-1
libgfortran3
libgif4
libgimp2.0
libgirepository-1.0-1
libgjs0b
libgksu2-0
libgl1-mesa-dri
libgl1-mesa-glx
libglade2-0
libglapi-mesa
libglew1.7
libglib-perl
libglib2.0-0
libglib2.0-bin
libglib2.0-cil
libglib2.0-data
libglib2.0-dev
libglibmm-2.4-1c2a
libglu1-mesa
libgme0
libgmime-2.6-0
libgmime2.6-cil
libgmp10
libgnome-bluetooth10
libgnome-desktop-2-17
libgnome-desktop-3-2
libgnome-keyring-common
libgnome-keyring0
libgnome-mag2
libgnome-media-profiles-3.0-0
libgnome-menu-3-0
libgnome2-0
libgnome2-common
libgnomecanvas2-0
libgnomecanvas2-common
libgnomekbd-common
libgnomekbd7
libgnomeui-0
libgnomeui-common
libgnomevfs2-0
libgnomevfs2-common
libgnomevfs2-extra
libgnutls26
libgoa-1.0-0
libgoa-1.0-common
libgomp1
libgpg-error0
libgpgme11
libgphoto2-2
libgphoto2-port0
libgpm2
libgpod-common
libgpod4
libgraphicsmagick++3
libgraphicsmagick3
libgraphite2-2.0.0
libgrilo-0.1-0
libgs9
libgs9-common
libgsf-1-114
libgsf-1-common
libgsl0ldbl
libgsm1
libgssapi-krb5-2
libgssdp-1.0-3
libgssglue1
libgstreamer-plugins-bad0.10-0
libgstreamer-plugins-bad1.0-0
libgstreamer-plugins-base0.10-0
libgstreamer-plugins-base1.0-0
libgstreamer0.10-0
libgstreamer1.0-0
libgtk-3-0
libgtk-3-bin
libgtk-3-common
libgtk-vnc-2.0-0
libgtk2-perl
libgtk2.0-0
libgtk2.0-bin
libgtk2.0-cil
libgtk2.0-common
libgtk2.0-dev
libgtkhtml-4.0-0
libgtkhtml-4.0-common
libgtkhtml-editor-4.0-0
libgtkmm-2.4-1c2a
libgtkmm-3.0-1
libgtksourceview-3.0-0
libgtksourceview-3.0-common
libgtksourceview2.0-0
libgtksourceview2.0-common
libgtkspell0
libgtop2-7
libgtop2-common
libgucharmap-2-90-7
libgudev-1.0-0
libgupnp-1.0-4
libgupnp-av-1.0-2
libgupnp-dlna-1.0-2
libgupnp-igd-1.0-4
libgusb2
libgvnc-1.0-0
libgweather-3-0
libgweather-common
libgxps2
libhal-storage1
libhal1
libharfbuzz-dev
libharfbuzz-icu0
libharfbuzz0a
libhsqldb-java
libhtml-form-perl
libhtml-format-perl
libhtml-parser-perl
libhtml-tagset-perl
libhtml-tree-perl
libhttp-cookies-perl
libhttp-daemon-perl
libhttp-date-perl
libhttp-message-perl
libhttp-negotiate-perl
libhunspell-1.3-0
libhyphen0
libical0
libicc2
libice-dev
libice6
libicu48
libid3tag0
libident
libidl0
libidn11
libiec61883-0
libieee1284-3
libijs-0.35
libilmbase6
libimdi0
libimlib2
libimobiledevice2
libindicate5
libindicator-messages-status-provider1
libindicator3-7
libindicator7
libio-socket-ip-perl
libio-socket-ssl-perl
libiptcdata0
libisc84
libisccc80
libisccfg82
libiso9660-8
libisofs6
libiw30
libjack-jackd2-0
libjasper1
libjavascriptcoregtk-1.0-0
libjavascriptcoregtk-3.0-0
libjaxp1.3-java
libjbig0
libjbig2dec0
libjim0debian2
libjna-java
libjpeg-progs
libjpeg8
libjson-glib-1.0-0
libjson0
libjte1
libk5crypto3
libkate1
libkeybinder0
libkeyutils1
libklibc
libkmod2
libkpathsea6
libkrb5-3
libkrb5support0
liblapack3
liblcms1
liblcms2-2
libldap-2.4-2
liblensfun-data
liblensfun0
liblightdm-gobject-1-0
liblinear-tools
liblinear1
liblircclient0
liblocale-gettext-perl
liblouis-data
liblouis2
liblqr-1-0
libltdl7
liblua5.1-0
libluajit-5.1-common
liblvm2app2.2
liblwp-mediatypes-perl
liblwp-protocol-https-perl
liblwres80
liblzma5
liblzo2-2
libmad0
libmagic1
libmagick++5
libmagickcore5
libmagickcore5-extra
libmagickwand5
libmail-sendmail-perl
libmailtools-perl
libmatroska5
libmeanwhile1
libmenu-cache1
libmetacity-private0a
libmhash2
libmikmod2
libmimic0
libminiupnpc5
libmission-control-plugins0
libmms0
libmng1
libmodplug1
libmono-addins-gui0.2-cil
libmono-addins0.2-cil
libmono-cairo4.0-cil
libmono-corlib4.0-cil
libmono-corlib4.5-cil
libmono-i18n-west4.0-cil
libmono-i18n4.0-cil
libmono-posix4.0-cil
libmono-security4.0-cil
libmono-sharpzip4.84-cil
libmono-system-configuration4.0-cil
libmono-system-core4.0-cil
libmono-system-drawing4.0-cil
libmono-system-security4.0-cil
libmono-system-xml4.0-cil
libmono-system4.0-cil
libmount1
libmozjs10d
libmozjs185-1.0
libmp3lame0
libmpc2
libmpcdec6
libmpeg2-4
libmpfr4
libmpg123-0
libmtdev1
libmtp-common
libmtp-runtime
libmtp9
libmusicbrainz5-0
libmutter0
libmx-1.0-2
libmx-bin
libmx-common
libmythes-1.2-0
libnatpmp1
libnautilus-extension1a
libncurses5
libncursesw5
libneon27-gnutls
libnet-http-perl
libnet-ssleay-perl
libnetfilter-conntrack3
libnetpbm10
libnettle4
libnewt0.52
libnfnetlink0
libnfsidmap2
libnice10
libnih-dbus1
libnih1
libnl-3-200
libnl-genl-3-200
libnl-route-3-200
libnm-glib-vpn1
libnm-glib4
libnm-gtk-common
libnm-gtk0
libnm-util2
libnotify-bin
libnotify4
libnspr4
libnss-mdns
libnss3
liboauth0
libobrender27
libobt0
libofa0
libogg0
libopenal-data
libopenal1
libopencore-amrnb0
libopencore-amrwb0
libopencv-calib3d2.4
libopencv-contrib2.4
libopencv-core2.4
libopencv-features2d2.4
libopencv-flann2.4
libopencv-highgui2.4
libopencv-imgproc2.4
libopencv-legacy2.4
libopencv-ml2.4
libopencv-objdetect2.4
libopencv-photo2.4
libopencv-stitching2.4
libopencv-ts2.4
libopencv-video2.4
libopencv-videostab2.4
libopenexr6
libopenjpeg2
libopenobex1
libopenraw1
libopts25
libopus0
liborbit2
liborc-0.4-0
libp11-kit0
libpackagekit-glib2-14
libpam-cap
libpam-gnome-keyring
libpam-modules
libpam-modules-bin
libpam-runtime
libpam0g
libpanel-applet-4-0
libpango-1.0-0
libpango-perl
libpango1.0-0
libpango1.0-dev
libpangocairo-1.0-0
libpangoft2-1.0-0
libpangomm-1.4-1
libpangox-1.0-0
libpangoxft-1.0-0
libpaper-utils
libpaper1
libparted0debian1
libpcap0.8
libpci3
libpciaccess0
libpcre3
libpcre3-dev
libpcrecpp0
libpcsclite1
libpeas-1.0-0
libpeas-common
libperl5.14
libpipeline1
libpixman-1-0
libpixman-1-dev
libplist1
libplot2c2
libpng12-0
libpng12-dev
libpolkit-agent-1-0
libpolkit-backend-1-0
libpolkit-gobject-1-0
libpoppler-glib8
libpoppler19
libpopt0
libportaudio2
libportmidi0
libpostproc52
libprocps0
libproxy0
libpst4
libpstoedit0c2a
libpth20
libpthread-stubs0
libpthread-stubs0-dev
libpulse-mainloop-glib0
libpulse0
libpurple-bin
libpurple0
libpython2.7
libqscintilla2-8
libqt4-dbus
libqt4-network
libqt4-svg
libqt4-xml
libqtcore4
libqtdbus4
libqtgui4
libqtwebkit4
libquvi-scripts
libquvi7
libraptor2-0
librarian0
libraspberrypi-bin
libraspberrypi-dev
libraspberrypi-doc
libraspberrypi0
librasqal3
libraw1394-11
libraw5
librdf0
libreadline5
libreadline6
libreoffice
libreoffice-base
libreoffice-base-core
libreoffice-calc
libreoffice-common
libreoffice-core
libreoffice-draw
libreoffice-emailmerge
libreoffice-filter-mobiledev
libreoffice-gnome
libreoffice-gtk
libreoffice-impress
libreoffice-java-common
libreoffice-math
libreoffice-report-builder-bin
libreoffice-style-galaxy
libreoffice-style-tango
libreoffice-writer
libresid-builder0c2a
librest-0.7-0
librest-extras-0.7-0
librhythmbox-core6
librsvg2-2
librsvg2-common
librtmp0
libruby1.9.1
librxtx-java
libsamplerate0
libsane
libsane-common
libsane-extras
libsane-extras-common
libsasl2-2
libsasl2-modules
libsbc1
libschroedinger-1.0-0
libsclang1
libscsynth1
libsdl-image1.2
libsdl-mixer1.2
libsdl-ttf2.0-0
libsdl1.2debian
libsecret-1-0
libsecret-common
libseed-gtk3-0
libselinux1
libsemanage-common
libsemanage1
libsensors4
libsepol1
libservlet2.5-java
libsgutils2-2
libshout3
libsidplay1
libsidplay2
libsigc++-1.2-5c2
libsigc++-2.0-0c2a
libslang2
libslv2-9
libsm-dev
libsm6
libsmbclient
libsmpeg0
libsndfile1
libsocialweb-client2
libsocialweb-common
libsocialweb-service
libsocialweb0
libsocket-perl
libsofia-sip-ua-glib3
libsofia-sip-ua0
libsonic0
libsoundtouch0
libsoup-gnome2.4-1
libsoup2.4-1
libspandsp2
libspectre1
libspeechd2
libspeex1
libspeexdsp1
libsqlite3-0
libsrtp0
libss2
libssh-4
libssh2-1
libssl1.0.0
libstartup-notification0
libstdc++6
libstdc++6-4.6-dev
libsvm-tools
libswitch-perl
libswscale2
libsys-hostname-long-perl
libsysfs2
libsystemd-daemon0
libsystemd-login0
libt1-5
libtag1-vanilla
libtag1c2a
libtagc0
libtagcoll2-dev
libtalloc2
libtar0
libtasn1-3
libtdb1
libtelepathy-farstream2
libtelepathy-glib0
libtelepathy-logger2
libtext-charwidth-perl
libtext-iconv-perl
libtext-wrapi18n-perl
libthai-data
libthai0
libtheora0
libthunar-vfs-1-2
libthunar-vfs-1-common
libthunarx-2-0
libtidy-0.99-0
libtiff4
libtimedate-perl
libtinfo5
libtirpc1
libtotem-plparser17
libtotem0
libtracker-extract-0.14-0
libtracker-miner-0.14-0
libtracker-sparql-0.14-0
libts-0.0-0
libtumbler-1-0
libtwolame0
libudev0
libumfpack5.4.0
libunique-1.0-0
libunique-3.0-0
libunistring0
libupnp6
libupower-glib1
liburi-perl
libusb-0.1-4
libusb-1.0-0
libusbmuxd1
libustr-1.0-1
libuuid1
libv4l-0
libv4l2rds0
libv4lconvert0
libva-x11-1
libva1
libvcdinfo0
libvisio-0.0-0
libvisual-0.4-0
libvisual-0.4-plugins
libvlc5
libvlccore5
libvncserver0
libvo-aacenc0
libvo-amrwbenc0
libvorbis0a
libvorbisenc2
libvorbisfile3
libvpx1
libvte-2.90-9
libvte-2.90-common
libvte-common
libvte9
libwacom-common
libwacom2
libwavpack1
libwayland0
libwbclient0
libwebkitgtk-1.0-0
libwebkitgtk-1.0-common
libwebkitgtk-3.0-0
libwebkitgtk-3.0-common
libwebp2
libwebrtc-audio-processing-0
libwibble-dev
libwildmidi-config
libwildmidi1
libwmf-bin
libwmf0.2-7
libwnck-3-0
libwnck-3-common
libwnck-common
libwnck22
libwpd-0.9-9
libwpg-0.2-2
libwps-0.2-2
libwrap0
libwww-perl
libwww-robotrules-perl
libx11-6
libx11-data
libx11-dev
libx11-doc
libx11-xcb1
libx264-123
libx264-130
libxalan2-java
libxapian-dev
libxapian22
libxau-dev
libxau6
libxaw7
libxcb-composite0
libxcb-glx0
libxcb-keysyms1
libxcb-randr0
libxcb-render0
libxcb-render0-dev
libxcb-shape0
libxcb-shm0
libxcb-shm0-dev
libxcb-util0
libxcb-xfixes0
libxcb-xv0
libxcb1
libxcb1-dev
libxcomposite-dev
libxcomposite1
libxcursor-dev
libxcursor1
libxdamage-dev
libxdamage1
libxdmcp-dev
libxdmcp6
libxerces2-java
libxext-dev
libxext6
libxfce4ui-1-0
libxfce4util-bin
libxfce4util-common
libxfce4util-dev
libxfce4util4
libxfcegui4-4
libxfconf-0-2
libxfixes-dev
libxfixes3
libxfont1
libxft-dev
libxft2
libxi-dev
libxi6
libxinerama-dev
libxinerama1
libxkbcommon0
libxkbfile1
libxklavier16
libxml-commons-external-java
libxml-commons-resolver1.1-java
libxml2
libxml2-utils
libxmu6
libxmuu1
libxp6
libxpm4
libxrandr-dev
libxrandr2
libxrender-dev
libxrender1
libxres1
libxslt1.1
libxss1
libxt6
libxtst6
libxv1
libxvidcore4
libxxf86dga1
libxxf86vm1
libyajl2
libyaml-0-2
libyaml-libyaml-perl
libyaml-perl
libyelp0
libzbar0
libzephyr4
libzvbi-common
libzvbi0
lightdm
lightdm-gtk-greeter
lightsoff
linux-libc-dev
lm-sensors
locales
locate
login
logrotate
lp-solve
lsb-base
lsb-release
lua5.1
luajit
lxappearance
lxde
lxde-common
lxde-core
lxde-icon-theme
lxinput
lxmenu-data
lxpanel
lxpanel-data
lxpolkit
lxrandr
lxsession
lxsession-edit
lxshortcut
lxtask
lxterminal
mahjongg
make
makedev
man-db
manpages
manpages-dev
mawk
media-player-info
meld
menu
menu-xdg
mercurial
mercurial-common
mesa-utils
metacity
metacity-common
mime-support
minecraft-pi
minissdpd
miscfiles
mobile-broadband-provider-info
modemmanager
module-init-tools
mono-4.0-gac
mono-gac
mono-runtime
mono-runtime-common
mono-runtime-sgen
mount
mountall
mousepad
mousetweaks
multiarch-support
mutter-common
nano
nautilus
nautilus-data
nautilus-open-terminal
nautilus-sendto
nautilus-sendto-empathy
nautilus-share
ncdu
ncurses-base
ncurses-bin
ncurses-term
net-tools
netbase
netcat-openbsd
netcat-traditional
netpbm
netsurf-common
netsurf-gtk
network-manager
network-manager-gnome
nfs-common
nmap
notification-daemon
ntp
nuscratch
obconf
obex-data-server
obexd-client
omxplayer
openbox
openjdk-6-jre
openjdk-6-jre-headless
openjdk-6-jre-lib
openssh-blacklist
openssh-blacklist-extra
openssh-client
openssh-server
openssl
oracle-java8-jdk
orage
p7zip-full
packagekit
packagekit-backend-aptcc
packagekit-tools
parted
passwd
patch
pciutils
pcmanfm
penguinspuzzle
perl
perl-base
perl-doc
perl-modules
perlmagick
pidgin-data
pipanel
pistore
pkg-config
plymouth
pm-utils
po-debconf
policykit-1
policykit-1-gnome
poppler-data
poppler-utils
powermgmt-base
ppp
procps
psmisc
pstoedit
psutils
pulseaudio
pulseaudio-module-x11
pulseaudio-utils
pypy-setuptools
pypy-upstream
pypy-upstream-dev
pypy-upstream-doc
python
python-apt
python-apt-common
python-aptdaemon
python-aptdaemon.gtk3widgets
python-beautifulsoup
python-brlapi
python-cairo
python-chardet
python-dbus
python-dbus-dev
python-debian
python-defer
python-feedparser
python-gconf
python-gi
python-gi-cairo
python-glade2
python-gnome2
python-gnupginterface
python-gobject
python-gobject-2
python-gtk2
python-gtksourceview2
python-httplib2
python-libxml2
python-louis
python-mako
python-markupsafe
python-minecraftpi
python-minimal
python-notify
python-numpy
python-packagekit
python-picamera
python-pifacecommon
python-pifacedigitalio
python-pkg-resources
python-pyatspi
python-pyatspi2
python-pycurl
python-pygame
python-pyorbit
python-rpi.gpio
python-serial
python-software-properties
python-speechd
python-support
python-tk
python-uno
python-utidylib
python-wnck
python-xapian
python-xdg
python-zeitgeist
python2.7
python2.7-minimal
python3
python3-minecraftpi
python3-minimal
python3-numpy
python3-picamera
python3-pifacecommon
python3-pifacedigital-scratch-handler
python3-pifacedigitalio
python3-pygame
python3-rpi.gpio
python3-serial
python3-tk
python3.2
python3.2-minimal
qdbus
qjackctl
quadrapassel
rarian-compat
raspberrypi-artwork
raspberrypi-bootloader
raspberrypi-ui-mods
raspbian-archive-keyring
raspi-config
raspi-copies-and-fills
rdesktop
readline-common
remmina
remmina-common
remmina-plugin-gnome
remmina-plugin-rdp
remmina-plugin-vnc
rhythmbox
rhythmbox-data
rhythmbox-plugin-cdrecorder
rhythmbox-plugins
ristretto
rpcbind
rpi-update
rsync
rsyslog
rtkit
ruby1.9.1
rygel
rygel-playbin
rygel-preferences
rygel-tracker
s4a
samba-common
samba-common-bin
sane-utils
scratch
seahorse
sed
sensible-utils
sgml-base
sgml-data
shared-mime-info
shotwell
shotwell-common
simple-scan
smartsim
smbclient
software-properties-common
software-properties-gtk
sonic-pi
sound-juicer
sound-theme-freedesktop
speech-dispatcher
squeak-plugins-scratch
squeak-vm
squeeze
ssh
strace
sudo
supercollider
supercollider-common
supercollider-server
swell-foop
synaptic
sysv-rc
sysvinit
sysvinit-utils
tango-icon-theme
tar
tasksel
tasksel-data
tcl8.5
tcpd
telepathy-gabble
telepathy-haze
telepathy-idle
telepathy-logger
telepathy-mission-control-5
telepathy-rakia
telepathy-salut
thunar
thunar-archive-plugin
thunar-data
thunar-media-tags-plugin
thunar-volman
timidity
tk8.5
tomboy
totem
totem-common
totem-plugins
traceroute
tracker
tracker-extract
tracker-gui
tracker-miner-fs
tracker-utils
transmission-common
transmission-gtk
triggerhappy
tsconf
ttf-dejavu
ttf-dejavu-core
ttf-dejavu-extra
ttf-liberation
ttf-sil-gentium-basic
tumbler
tumbler-common
tzdata
tzdata-java
u-boot-tools
ucf
udev
udisks
ufraw-batch
unattended-upgrades
uno-libs3
unoconv
unzip
update-inetd
upower
ure
usb-modeswitch
usb-modeswitch-data
usbmuxd
usbutils
util-linux
v4l-utils
vim
vim-common
vim-runtime
vim-tiny
vinagre
vino
vlc
vlc-data
vlc-nox
vlc-plugin-notify
vlc-plugin-pulse
wdiff
weston
wget
whiptail
whois
wireless-regdb
wireless-tools
wolfram-engine
wpagui
wpasupplicant
x11-apps
x11-common
x11-session-utils
x11-utils
x11-xfs-utils
x11-xkb-utils
x11-xserver-utils
x11proto-composite-dev
x11proto-core-dev
x11proto-damage-dev
x11proto-fixes-dev
x11proto-input-dev
x11proto-kb-dev
x11proto-randr-dev
x11proto-render-dev
x11proto-xext-dev
x11proto-xinerama-dev
x2x
xarchiver
xauth
xbitmaps
xbrlapi
xdg-user-dirs
xdg-user-dirs-gtk
xdg-utils
xfburn
xfce-keyboard-shortcuts
xfce4
xfce4-appfinder
xfce4-artwork
xfce4-battery-plugin
xfce4-clipman
xfce4-clipman-plugin
xfce4-cpufreq-plugin
xfce4-cpugraph-plugin
xfce4-datetime-plugin
xfce4-dict
xfce4-diskperf-plugin
xfce4-fsguard-plugin
xfce4-genmon-plugin
xfce4-goodies
xfce4-indicator-plugin
xfce4-linelight-plugin
xfce4-mailwatch-plugin
xfce4-messenger-plugin
xfce4-mixer
xfce4-mount-plugin
xfce4-mpc-plugin
xfce4-netload-plugin
xfce4-notes
xfce4-notes-plugin
xfce4-notifyd
xfce4-panel
xfce4-panel-dev
xfce4-places-plugin
xfce4-power-manager
xfce4-power-manager-data
xfce4-power-manager-plugins
xfce4-quicklauncher-plugin
xfce4-radio-plugin
xfce4-screenshooter
xfce4-screenshooter-plugin
xfce4-sensors-plugin
xfce4-session
xfce4-settings
xfce4-smartbookmark-plugin
xfce4-systemload-plugin
xfce4-taskmanager
xfce4-terminal
xfce4-timer-plugin
xfce4-utils
xfce4-verve-plugin
xfce4-volumed
xfce4-wavelan-plugin
xfce4-weather-plugin
xfce4-wmdock-plugin
xfce4-xkb-plugin
xfconf
xfdesktop4
xfdesktop4-data
xfonts-100dpi
xfonts-75dpi
xfonts-base
xfonts-encodings
xfonts-mathml
xfonts-scalable
xfonts-utils
xfprint4
xfwm4
xfwm4-themes
xinit
xinput
xkb-data
xml-core
xorg
xorg-docs-core
xorg-sgml-doctools
xpdf
xscreensaver
xscreensaver-data
xserver-common
xserver-xephyr
xserver-xorg
xserver-xorg-core
xserver-xorg-input-all
xserver-xorg-input-evdev
xserver-xorg-input-synaptics
xserver-xorg-video-fbdev
xserver-xorg-video-fbturbo
xtrans-dev
xz-utils
yelp
yelp-xsl
zeitgeist-core
zenity
zenity-common
zlib1g
zlib1g-dev
